10:52:30 **** Build of project uart_bsp ****
make -k all 
"Running Make include in ps7_cortexa9_1/libsrc/axidma_v9_9/src"
make -C ps7_cortexa9_1/libsrc/axidma_v9_9/src -s include  "SHELL=CMD" "COMPILER=arm-none-eabi-gcc" "ARCHIVER=arm-none-eabi-ar" "COMPILER_FLAGS=  -O2 -c" "EXTRA_COMPILER_FLAGS=-mcpu=cortex-a9 -mfpu=vfpv3 -mfloat-abi=hard -nostartfiles -g -Wall -Wextra"
"Running Make include in ps7_cortexa9_1/libsrc/axi_s_chain_link_switch_v1_00_a/src"
make -C ps7_cortexa9_1/libsrc/axi_s_chain_link_switch_v1_00_a/src -s include  "SHELL=CMD" "COMPILER=arm-none-eabi-gcc" "ARCHIVER=arm-none-eabi-ar" "COMPILER_FLAGS=  -O2 -c" "EXTRA_COMPILER_FLAGS=-mcpu=cortex-a9 -mfpu=vfpv3 -mfloat-abi=hard -nostartfiles -g -Wall -Wextra"
"Running Make include in ps7_cortexa9_1/libsrc/common_v1_00_a/src"
make -C ps7_cortexa9_1/libsrc/common_v1_00_a/src -s include  "SHELL=CMD" "COMPILER=arm-none-eabi-gcc" "ARCHIVER=arm-none-eabi-ar" "COMPILER_FLAGS=  -O2 -c" "EXTRA_COMPILER_FLAGS=-mcpu=cortex-a9 -mfpu=vfpv3 -mfloat-abi=hard -nostartfiles -g -Wall -Wextra"
"Running Make include in ps7_cortexa9_1/libsrc/coresightps_dcc_v1_5/src"
make -C ps7_cortexa9_1/libsrc/coresightps_dcc_v1_5/src -s include  "SHELL=CMD" "COMPILER=arm-none-eabi-gcc" "ARCHIVER=arm-none-eabi-ar" "COMPILER_FLAGS=  -O2 -c" "EXTRA_COMPILER_FLAGS=-mcpu=cortex-a9 -mfpu=vfpv3 -mfloat-abi=hard -nostartfiles -g -Wall -Wextra"
"Running Make include in ps7_cortexa9_1/libsrc/cpu_cortexa9_v2_7/src"
make -C ps7_cortexa9_1/libsrc/cpu_cortexa9_v2_7/src -s include  "SHELL=CMD" "COMPILER=arm-none-eabi-gcc" "ARCHIVER=arm-none-eabi-ar" "COMPILER_FLAGS=  -O2 -c" "EXTRA_COMPILER_FLAGS=-mcpu=cortex-a9 -mfpu=vfpv3 -mfloat-abi=hard -nostartfiles -g -Wall -Wextra"
"Running Make include in ps7_cortexa9_1/libsrc/ddrps_v1_0/src"
make -C ps7_cortexa9_1/libsrc/ddrps_v1_0/src -s include  "SHELL=CMD" "COMPILER=arm-none-eabi-gcc" "ARCHIVER=arm-none-eabi-ar" "COMPILER_FLAGS=  -O2 -c" "EXTRA_COMPILER_FLAGS=-mcpu=cortex-a9 -mfpu=vfpv3 -mfloat-abi=hard -nostartfiles -g -Wall -Wextra"
"Running Make include in ps7_cortexa9_1/libsrc/devcfg_v3_5/src"
make -C ps7_cortexa9_1/libsrc/devcfg_v3_5/src -s include  "SHELL=CMD" "COMPILER=arm-none-eabi-gcc" "ARCHIVER=arm-none-eabi-ar" "COMPILER_FLAGS=  -O2 -c" "EXTRA_COMPILER_FLAGS=-mcpu=cortex-a9 -mfpu=vfpv3 -mfloat-abi=hard -nostartfiles -g -Wall -Wextra"
"Running Make include in ps7_cortexa9_1/libsrc/dmaps_v2_4/src"
make -C ps7_cortexa9_1/libsrc/dmaps_v2_4/src -s include  "SHELL=CMD" "COMPILER=arm-none-eabi-gcc" "ARCHIVER=arm-none-eabi-ar" "COMPILER_FLAGS=  -O2 -c" "EXTRA_COMPILER_FLAGS=-mcpu=cortex-a9 -mfpu=vfpv3 -mfloat-abi=hard -nostartfiles -g -Wall -Wextra"
"Running Make include in ps7_cortexa9_1/libsrc/emacps_v3_9/src"
make -C ps7_cortexa9_1/libsrc/emacps_v3_9/src -s include  "SHELL=CMD" "COMPILER=arm-none-eabi-gcc" "ARCHIVER=arm-none-eabi-ar" "COMPILER_FLAGS=  -O2 -c" "EXTRA_COMPILER_FLAGS=-mcpu=cortex-a9 -mfpu=vfpv3 -mfloat-abi=hard -nostartfiles -g -Wall -Wextra"
"Running Make include in ps7_cortexa9_1/libsrc/emu_dc_v5_16/src"
make -C ps7_cortexa9_1/libsrc/emu_dc_v5_16/src -s include  "SHELL=CMD" "COMPILER=arm-none-eabi-gcc" "ARCHIVER=arm-none-eabi-ar" "COMPILER_FLAGS=  -O2 -c" "EXTRA_COMPILER_FLAGS=-mcpu=cortex-a9 -mfpu=vfpv3 -mfloat-abi=hard -nostartfiles -g -Wall -Wextra"
"Running Make include in ps7_cortexa9_1/libsrc/gpiops_v3_5/src"
make -C ps7_cortexa9_1/libsrc/gpiops_v3_5/src -s include  "SHELL=CMD" "COMPILER=arm-none-eabi-gcc" "ARCHIVER=arm-none-eabi-ar" "COMPILER_FLAGS=  -O2 -c" "EXTRA_COMPILER_FLAGS=-mcpu=cortex-a9 -mfpu=vfpv3 -mfloat-abi=hard -nostartfiles -g -Wall -Wextra"
"Running Make include in ps7_cortexa9_1/libsrc/gpio_v4_4/src"
make -C ps7_cortexa9_1/libsrc/gpio_v4_4/src -s include  "SHELL=CMD" "COMPILER=arm-none-eabi-gcc" "ARCHIVER=arm-none-eabi-ar" "COMPILER_FLAGS=  -O2 -c" "EXTRA_COMPILER_FLAGS=-mcpu=cortex-a9 -mfpu=vfpv3 -mfloat-abi=hard -nostartfiles -g -Wall -Wextra"
"Running Make include in ps7_cortexa9_1/libsrc/pulse_width_modulator_v1_00_a/src"
make -C ps7_cortexa9_1/libsrc/pulse_width_modulator_v1_00_a/src -s include  "SHELL=CMD" "COMPILER=arm-none-eabi-gcc" "ARCHIVER=arm-none-eabi-ar" "COMPILER_FLAGS=  -O2 -c" "EXTRA_COMPILER_FLAGS=-mcpu=cortex-a9 -mfpu=vfpv3 -mfloat-abi=hard -nostartfiles -g -Wall -Wextra"
"Running Make include in ps7_cortexa9_1/libsrc/qspips_v3_6/src"
make -C ps7_cortexa9_1/libsrc/qspips_v3_6/src -s include  "SHELL=CMD" "COMPILER=arm-none-eabi-gcc" "ARCHIVER=arm-none-eabi-ar" "COMPILER_FLAGS=  -O2 -c" "EXTRA_COMPILER_FLAGS=-mcpu=cortex-a9 -mfpu=vfpv3 -mfloat-abi=hard -nostartfiles -g -Wall -Wextra"
"Running Make include in ps7_cortexa9_1/libsrc/register_array_v1_00_a/src"
make -C ps7_cortexa9_1/libsrc/register_array_v1_00_a/src -s include  "SHELL=CMD" "COMPILER=arm-none-eabi-gcc" "ARCHIVER=arm-none-eabi-ar" "COMPILER_FLAGS=  -O2 -c" "EXTRA_COMPILER_FLAGS=-mcpu=cortex-a9 -mfpu=vfpv3 -mfloat-abi=hard -nostartfiles -g -Wall -Wextra"
"Running Make include in ps7_cortexa9_1/libsrc/scugic_v4_0/src"
make -C ps7_cortexa9_1/libsrc/scugic_v4_0/src -s include  "SHELL=CMD" "COMPILER=arm-none-eabi-gcc" "ARCHIVER=arm-none-eabi-ar" "COMPILER_FLAGS=  -O2 -c" "EXTRA_COMPILER_FLAGS=-mcpu=cortex-a9 -mfpu=vfpv3 -mfloat-abi=hard -nostartfiles -g -Wall -Wextra"
"Running Make include in ps7_cortexa9_1/libsrc/scutimer_v2_1/src"
make -C ps7_cortexa9_1/libsrc/scutimer_v2_1/src -s include  "SHELL=CMD" "COMPILER=arm-none-eabi-gcc" "ARCHIVER=arm-none-eabi-ar" "COMPILER_FLAGS=  -O2 -c" "EXTRA_COMPILER_FLAGS=-mcpu=cortex-a9 -mfpu=vfpv3 -mfloat-abi=hard -nostartfiles -g -Wall -Wextra"
"Running Make include in ps7_cortexa9_1/libsrc/scuwdt_v2_1/src"
make -C ps7_cortexa9_1/libsrc/scuwdt_v2_1/src -s include  "SHELL=CMD" "COMPILER=arm-none-eabi-gcc" "ARCHIVER=arm-none-eabi-ar" "COMPILER_FLAGS=  -O2 -c" "EXTRA_COMPILER_FLAGS=-mcpu=cortex-a9 -mfpu=vfpv3 -mfloat-abi=hard -nostartfiles -g -Wall -Wextra"
"Running Make include in ps7_cortexa9_1/libsrc/sdps_v3_7/src"
make -C ps7_cortexa9_1/libsrc/sdps_v3_7/src -s include  "SHELL=CMD" "COMPILER=arm-none-eabi-gcc" "ARCHIVER=arm-none-eabi-ar" "COMPILER_FLAGS=  -O2 -c" "EXTRA_COMPILER_FLAGS=-mcpu=cortex-a9 -mfpu=vfpv3 -mfloat-abi=hard -nostartfiles -g -Wall -Wextra"
"Running Make include in ps7_cortexa9_1/libsrc/standalone_v7_0/src"
make -C ps7_cortexa9_1/libsrc/standalone_v7_0/src -s include  "SHELL=CMD" "COMPILER=arm-none-eabi-gcc" "ARCHIVER=arm-none-eabi-ar" "COMPILER_FLAGS=  -O2 -c" "EXTRA_COMPILER_FLAGS=-mcpu=cortex-a9 -mfpu=vfpv3 -mfloat-abi=hard -nostartfiles -g -Wall -Wextra"
"Running Make include in ps7_cortexa9_1/libsrc/tmrctr_v4_5/src"
make -C ps7_cortexa9_1/libsrc/tmrctr_v4_5/src -s include  "SHELL=CMD" "COMPILER=arm-none-eabi-gcc" "ARCHIVER=arm-none-eabi-ar" "COMPILER_FLAGS=  -O2 -c" "EXTRA_COMPILER_FLAGS=-mcpu=cortex-a9 -mfpu=vfpv3 -mfloat-abi=hard -nostartfiles -g -Wall -Wextra"
"Running Make include in ps7_cortexa9_1/libsrc/uartps_v3_7/src"
make -C ps7_cortexa9_1/libsrc/uartps_v3_7/src -s include  "SHELL=CMD" "COMPILER=arm-none-eabi-gcc" "ARCHIVER=arm-none-eabi-ar" "COMPILER_FLAGS=  -O2 -c" "EXTRA_COMPILER_FLAGS=-mcpu=cortex-a9 -mfpu=vfpv3 -mfloat-abi=hard -nostartfiles -g -Wall -Wextra"
"Running Make include in ps7_cortexa9_1/libsrc/xadcps_v2_3/src"
make -C ps7_cortexa9_1/libsrc/xadcps_v2_3/src -s include  "SHELL=CMD" "COMPILER=arm-none-eabi-gcc" "ARCHIVER=arm-none-eabi-ar" "COMPILER_FLAGS=  -O2 -c" "EXTRA_COMPILER_FLAGS=-mcpu=cortex-a9 -mfpu=vfpv3 -mfloat-abi=hard -nostartfiles -g -Wall -Wextra"
"Running Make libs in ps7_cortexa9_1/libsrc/axidma_v9_9/src"
make -C ps7_cortexa9_1/libsrc/axidma_v9_9/src -s libs  "SHELL=CMD" "COMPILER=arm-none-eabi-gcc" "ARCHIVER=arm-none-eabi-ar" "COMPILER_FLAGS=  -O2 -c" "EXTRA_COMPILER_FLAGS=-mcpu=cortex-a9 -mfpu=vfpv3 -mfloat-abi=hard -nostartfiles -g -Wall -Wextra"
"Compiling axidma"
arm-none-eabi-ar: creating ../../../lib/libxil.a
"Running Make libs in ps7_cortexa9_1/libsrc/axi_s_chain_link_switch_v1_00_a/src"
make -C ps7_cortexa9_1/libsrc/axi_s_chain_link_switch_v1_00_a/src -s libs  "SHELL=CMD" "COMPILER=arm-none-eabi-gcc" "ARCHIVER=arm-none-eabi-ar" "COMPILER_FLAGS=  -O2 -c" "EXTRA_COMPILER_FLAGS=-mcpu=cortex-a9 -mfpu=vfpv3 -mfloat-abi=hard -nostartfiles -g -Wall -Wextra"
"Compiling axi_s_chain_link_switch"
"Running Make libs in ps7_cortexa9_1/libsrc/common_v1_00_a/src"
make -C ps7_cortexa9_1/libsrc/common_v1_00_a/src -s libs  "SHELL=CMD" "COMPILER=arm-none-eabi-gcc" "ARCHIVER=arm-none-eabi-ar" "COMPILER_FLAGS=  -O2 -c" "EXTRA_COMPILER_FLAGS=-mcpu=cortex-a9 -mfpu=vfpv3 -mfloat-abi=hard -nostartfiles -g -Wall -Wextra"
"Compiling common"
xutil_memtest.c: In function 'XUtil_MemoryTest32':
xutil_memtest.c:157:7: warning: this statement may fall through [-Wimplicit-fallthrough=]
    if (Subtest != XUT_ALLMEMTESTS) {
       ^
xutil_memtest.c:166:2: note: here
  case XUT_WALKONES:
  ^~~~
xutil_memtest.c:218:7: warning: this statement may fall through [-Wimplicit-fallthrough=]
    if (Subtest != XUT_ALLMEMTESTS) {
       ^
xutil_memtest.c:227:2: note: here
  case XUT_WALKZEROS:
  ^~~~
xutil_memtest.c:282:7: warning: this statement may fall through [-Wimplicit-fallthrough=]
    if (Subtest != XUT_ALLMEMTESTS) {
       ^
xutil_memtest.c:290:2: note: here
  case XUT_INVERSEADDR:
  ^~~~
xutil_memtest.c:323:7: warning: this statement may fall through [-Wimplicit-fallthrough=]
    if (Subtest != XUT_ALLMEMTESTS) {
       ^
xutil_memtest.c:333:2: note: here
  case XUT_FIXEDPATTERN:
  ^~~~
xutil_memtest.c: In function 'XUtil_MemoryTest16':
xutil_memtest.c:492:7: warning: this statement may fall through [-Wimplicit-fallthrough=]
    if (Subtest != XUT_ALLMEMTESTS) {
       ^
xutil_memtest.c:500:2: note: here
  case XUT_WALKONES:
  ^~~~
xutil_memtest.c:555:7: warning: this statement may fall through [-Wimplicit-fallthrough=]
    if (Subtest != XUT_ALLMEMTESTS) {
       ^
xutil_memtest.c:564:2: note: here
  case XUT_WALKZEROS:
  ^~~~
xutil_memtest.c:621:7: warning: this statement may fall through [-Wimplicit-fallthrough=]
    if (Subtest != XUT_ALLMEMTESTS) {
       ^
xutil_memtest.c:629:2: note: here
  case XUT_INVERSEADDR:
  ^~~~
xutil_memtest.c:660:7: warning: this statement may fall through [-Wimplicit-fallthrough=]
    if (Subtest != XUT_ALLMEMTESTS) {
       ^
xutil_memtest.c:670:2: note: here
  case XUT_FIXEDPATTERN:
  ^~~~
xutil_memtest.c: In function 'XUtil_MemoryTest8':
xutil_memtest.c:832:7: warning: this statement may fall through [-Wimplicit-fallthrough=]
    if (Subtest != XUT_ALLMEMTESTS) {
       ^
xutil_memtest.c:841:2: note: here
  case XUT_WALKONES:
  ^~~~
xutil_memtest.c:893:7: warning: this statement may fall through [-Wimplicit-fallthrough=]
    if (Subtest != XUT_ALLMEMTESTS) {
       ^
xutil_memtest.c:902:2: note: here
  case XUT_WALKZEROS:
  ^~~~
xutil_memtest.c:958:7: warning: this statement may fall through [-Wimplicit-fallthrough=]
    if (Subtest != XUT_ALLMEMTESTS) {
       ^
xutil_memtest.c:966:2: note: here
  case XUT_INVERSEADDR:
  ^~~~
xutil_memtest.c:998:7: warning: this statement may fall through [-Wimplicit-fallthrough=]
    if (Subtest != XUT_ALLMEMTESTS) {
       ^
xutil_memtest.c:1008:2: note: here
  case XUT_FIXEDPATTERN:
  ^~~~
"Running Make libs in ps7_cortexa9_1/libsrc/coresightps_dcc_v1_5/src"
make -C ps7_cortexa9_1/libsrc/coresightps_dcc_v1_5/src -s libs  "SHELL=CMD" "COMPILER=arm-none-eabi-gcc" "ARCHIVER=arm-none-eabi-ar" "COMPILER_FLAGS=  -O2 -c" "EXTRA_COMPILER_FLAGS=-mcpu=cortex-a9 -mfpu=vfpv3 -mfloat-abi=hard -nostartfiles -g -Wall -Wextra"
"Compiling coresightps_dcc"
"Running Make libs in ps7_cortexa9_1/libsrc/cpu_cortexa9_v2_7/src"
make -C ps7_cortexa9_1/libsrc/cpu_cortexa9_v2_7/src -s libs  "SHELL=CMD" "COMPILER=arm-none-eabi-gcc" "ARCHIVER=arm-none-eabi-ar" "COMPILER_FLAGS=  -O2 -c" "EXTRA_COMPILER_FLAGS=-mcpu=cortex-a9 -mfpu=vfpv3 -mfloat-abi=hard -nostartfiles -g -Wall -Wextra"
"Compiling cpu_cortexa9"
"Running Make libs in ps7_cortexa9_1/libsrc/ddrps_v1_0/src"
make -C ps7_cortexa9_1/libsrc/ddrps_v1_0/src -s libs  "SHELL=CMD" "COMPILER=arm-none-eabi-gcc" "ARCHIVER=arm-none-eabi-ar" "COMPILER_FLAGS=  -O2 -c" "EXTRA_COMPILER_FLAGS=-mcpu=cortex-a9 -mfpu=vfpv3 -mfloat-abi=hard -nostartfiles -g -Wall -Wextra"
"Compiling ddrps"
"Running Make libs in ps7_cortexa9_1/libsrc/devcfg_v3_5/src"
make -C ps7_cortexa9_1/libsrc/devcfg_v3_5/src -s libs  "SHELL=CMD" "COMPILER=arm-none-eabi-gcc" "ARCHIVER=arm-none-eabi-ar" "COMPILER_FLAGS=  -O2 -c" "EXTRA_COMPILER_FLAGS=-mcpu=cortex-a9 -mfpu=vfpv3 -mfloat-abi=hard -nostartfiles -g -Wall -Wextra"
"Compiling devcfg"
"Running Make libs in ps7_cortexa9_1/libsrc/dmaps_v2_4/src"
make -C ps7_cortexa9_1/libsrc/dmaps_v2_4/src -s libs  "SHELL=CMD" "COMPILER=arm-none-eabi-gcc" "ARCHIVER=arm-none-eabi-ar" "COMPILER_FLAGS=  -O2 -c" "EXTRA_COMPILER_FLAGS=-mcpu=cortex-a9 -mfpu=vfpv3 -mfloat-abi=hard -nostartfiles -g -Wall -Wextra"
"Compiling dmaps"
"Running Make libs in ps7_cortexa9_1/libsrc/emacps_v3_9/src"
make -C ps7_cortexa9_1/libsrc/emacps_v3_9/src -s libs  "SHELL=CMD" "COMPILER=arm-none-eabi-gcc" "ARCHIVER=arm-none-eabi-ar" "COMPILER_FLAGS=  -O2 -c" "EXTRA_COMPILER_FLAGS=-mcpu=cortex-a9 -mfpu=vfpv3 -mfloat-abi=hard -nostartfiles -g -Wall -Wextra"
"Compiling emacps"
"Running Make libs in ps7_cortexa9_1/libsrc/emu_dc_v5_16/src"
make -C ps7_cortexa9_1/libsrc/emu_dc_v5_16/src -s libs  "SHELL=CMD" "COMPILER=arm-none-eabi-gcc" "ARCHIVER=arm-none-eabi-ar" "COMPILER_FLAGS=  -O2 -c" "EXTRA_COMPILER_FLAGS=-mcpu=cortex-a9 -mfpu=vfpv3 -mfloat-abi=hard -nostartfiles -g -Wall -Wextra"
"Compiling foo_top_top"
In file included from emu_dc.h:9,
                 from emu_dc.c:1:
emu_dc.c: In function 'emu_dc_voltage_pu_bit_conv2_read':
../../../include/xil_assert.h:108:9: warning: 'return' with no value, in function returning non-void
         return;                                    \
         ^~~~~~
emu_dc.c:22:5: note: in expansion of macro 'Xil_AssertVoid'
     Xil_AssertVoid(InstancePtr != NULL);
     ^~~~~~~~~~~~~~
emu_dc.c:19:5: note: declared here
 int emu_dc_voltage_pu_bit_conv2_read(emu_dc *InstancePtr) {
     ^~~~~~~~~~~~~~~~~~~~~~~~~~~~~~~~
In file included from emu_dc.h:9,
                 from emu_dc.c:1:
emu_dc.c: In function 'emu_dc_voltage_pu_bit_conv1_read':
../../../include/xil_assert.h:108:9: warning: 'return' with no value, in function returning non-void
         return;                                    \
         ^~~~~~
emu_dc.c:36:5: note: in expansion of macro 'Xil_AssertVoid'
     Xil_AssertVoid(InstancePtr != NULL);
     ^~~~~~~~~~~~~~
emu_dc.c:33:5: note: declared here
 int emu_dc_voltage_pu_bit_conv1_read(emu_dc *InstancePtr) {
     ^~~~~~~~~~~~~~~~~~~~~~~~~~~~~~~~
In file included from emu_dc.h:9,
                 from emu_dc.c:1:
emu_dc.c: In function 'emu_dc_ra_read':
../../../include/xil_assert.h:108:9: warning: 'return' with no value, in function returning non-void
         return;                                    \
         ^~~~~~
emu_dc.c:50:5: note: in expansion of macro 'Xil_AssertVoid'
     Xil_AssertVoid(InstancePtr != NULL);
     ^~~~~~~~~~~~~~
emu_dc.c:47:5: note: declared here
 u32 emu_dc_ra_read(emu_dc *InstancePtr) {
     ^~~~~~~~~~~~~~
In file included from emu_dc.h:9,
                 from emu_dc.c:1:
emu_dc.c: In function 'emu_dc_polepairs_read':
../../../include/xil_assert.h:108:9: warning: 'return' with no value, in function returning non-void
         return;                                    \
         ^~~~~~
emu_dc.c:64:5: note: in expansion of macro 'Xil_AssertVoid'
     Xil_AssertVoid(InstancePtr != NULL);
     ^~~~~~~~~~~~~~
emu_dc.c:61:5: note: declared here
 int emu_dc_polepairs_read(emu_dc *InstancePtr) {
     ^~~~~~~~~~~~~~~~~~~~~
In file included from emu_dc.h:9,
                 from emu_dc.c:1:
emu_dc.c: In function 'emu_dc_magnetization_4q_1q_read':
../../../include/xil_assert.h:108:9: warning: 'return' with no value, in function returning non-void
         return;                                    \
         ^~~~~~
emu_dc.c:78:5: note: in expansion of macro 'Xil_AssertVoid'
     Xil_AssertVoid(InstancePtr != NULL);
     ^~~~~~~~~~~~~~
emu_dc.c:75:5: note: declared here
 u32 emu_dc_magnetization_4q_1q_read(emu_dc *InstancePtr) {
     ^~~~~~~~~~~~~~~~~~~~~~~~~~~~~~~
In file included from emu_dc.h:9,
                 from emu_dc.c:1:
emu_dc.c: In function 'emu_dc_kn_read':
../../../include/xil_assert.h:108:9: warning: 'return' with no value, in function returning non-void
         return;                                    \
         ^~~~~~
emu_dc.c:92:5: note: in expansion of macro 'Xil_AssertVoid'
     Xil_AssertVoid(InstancePtr != NULL);
     ^~~~~~~~~~~~~~
emu_dc.c:89:5: note: declared here
 int emu_dc_kn_read(emu_dc *InstancePtr) {
     ^~~~~~~~~~~~~~
In file included from emu_dc.h:9,
                 from emu_dc.c:1:
emu_dc.c: In function 'emu_dc_k_fnmechtstep_read':
../../../include/xil_assert.h:108:9: warning: 'return' with no value, in function returning non-void
         return;                                    \
         ^~~~~~
emu_dc.c:106:5: note: in expansion of macro 'Xil_AssertVoid'
     Xil_AssertVoid(InstancePtr != NULL);
     ^~~~~~~~~~~~~~
emu_dc.c:103:5: note: declared here
 int emu_dc_k_fnmechtstep_read(emu_dc *InstancePtr) {
     ^~~~~~~~~~~~~~~~~~~~~~~~~
In file included from emu_dc.h:9,
                 from emu_dc.c:1:
emu_dc.c: In function 'emu_dc_current_pu_bit_conv2_read':
../../../include/xil_assert.h:108:9: warning: 'return' with no value, in function returning non-void
         return;                                    \
         ^~~~~~
emu_dc.c:120:5: note: in expansion of macro 'Xil_AssertVoid'
     Xil_AssertVoid(InstancePtr != NULL);
     ^~~~~~~~~~~~~~
emu_dc.c:117:5: note: declared here
 int emu_dc_current_pu_bit_conv2_read(emu_dc *InstancePtr) {
     ^~~~~~~~~~~~~~~~~~~~~~~~~~~~~~~~
In file included from emu_dc.h:9,
                 from emu_dc.c:1:
emu_dc.c: In function 'emu_dc_current_pu_bit_conv1_read':
../../../include/xil_assert.h:108:9: warning: 'return' with no value, in function returning non-void
         return;                                    \
         ^~~~~~
emu_dc.c:134:5: note: in expansion of macro 'Xil_AssertVoid'
     Xil_AssertVoid(InstancePtr != NULL);
     ^~~~~~~~~~~~~~
emu_dc.c:131:5: note: declared here
 int emu_dc_current_pu_bit_conv1_read(emu_dc *InstancePtr) {
     ^~~~~~~~~~~~~~~~~~~~~~~~~~~~~~~~
In file included from emu_dc.h:9,
                 from emu_dc.c:1:
emu_dc.c: In function 'emu_dc_vdc2_read':
../../../include/xil_assert.h:108:9: warning: 'return' with no value, in function returning non-void
         return;                                    \
         ^~~~~~
emu_dc.c:148:5: note: in expansion of macro 'Xil_AssertVoid'
     Xil_AssertVoid(InstancePtr != NULL);
     ^~~~~~~~~~~~~~
emu_dc.c:145:5: note: declared here
 int emu_dc_vdc2_read(emu_dc *InstancePtr) {
     ^~~~~~~~~~~~~~~~
In file included from emu_dc.h:9,
                 from emu_dc.c:1:
emu_dc.c: In function 'emu_dc_vdc1_read':
../../../include/xil_assert.h:108:9: warning: 'return' with no value, in function returning non-void
         return;                                    \
         ^~~~~~
emu_dc.c:162:5: note: in expansion of macro 'Xil_AssertVoid'
     Xil_AssertVoid(InstancePtr != NULL);
     ^~~~~~~~~~~~~~
emu_dc.c:159:5: note: declared here
 int emu_dc_vdc1_read(emu_dc *InstancePtr) {
     ^~~~~~~~~~~~~~~~
In file included from emu_dc.h:9,
                 from emu_dc.c:1:
emu_dc.c: In function 'emu_dc_ts_la_read':
../../../include/xil_assert.h:108:9: warning: 'return' with no value, in function returning non-void
         return;                                    \
         ^~~~~~
emu_dc.c:176:5: note: in expansion of macro 'Xil_AssertVoid'
     Xil_AssertVoid(InstancePtr != NULL);
     ^~~~~~~~~~~~~~
emu_dc.c:173:5: note: declared here
 u32 emu_dc_ts_la_read(emu_dc *InstancePtr) {
     ^~~~~~~~~~~~~~~~~
In file included from emu_dc.h:9,
                 from emu_dc.c:1:
emu_dc.c: In function 'emu_dc_ts_tm_read':
../../../include/xil_assert.h:108:9: warning: 'return' with no value, in function returning non-void
         return;                                    \
         ^~~~~~
emu_dc.c:190:5: note: in expansion of macro 'Xil_AssertVoid'
     Xil_AssertVoid(InstancePtr != NULL);
     ^~~~~~~~~~~~~~
emu_dc.c:187:5: note: declared here
 int emu_dc_ts_tm_read(emu_dc *InstancePtr) {
     ^~~~~~~~~~~~~~~~~
In file included from emu_dc.h:9,
                 from emu_dc.c:1:
emu_dc.c: In function 'emu_dc_ts_tf_read':
../../../include/xil_assert.h:108:9: warning: 'return' with no value, in function returning non-void
         return;                                    \
         ^~~~~~
emu_dc.c:204:5: note: in expansion of macro 'Xil_AssertVoid'
     Xil_AssertVoid(InstancePtr != NULL);
     ^~~~~~~~~~~~~~
emu_dc.c:201:5: note: declared here
 u32 emu_dc_ts_tf_read(emu_dc *InstancePtr) {
     ^~~~~~~~~~~~~~~~~
In file included from emu_dc.h:9,
                 from emu_dc.c:1:
emu_dc.c: In function 'emu_dc_tl_read':
../../../include/xil_assert.h:108:9: warning: 'return' with no value, in function returning non-void
         return;                                    \
         ^~~~~~
emu_dc.c:218:5: note: in expansion of macro 'Xil_AssertVoid'
     Xil_AssertVoid(InstancePtr != NULL);
     ^~~~~~~~~~~~~~
emu_dc.c:215:5: note: declared here
 int emu_dc_tl_read(emu_dc *InstancePtr) {
     ^~~~~~~~~~~~~~
In file included from emu_dc.h:9,
                 from emu_dc.c:1:
emu_dc.c: In function 'emu_dc_tlsum_read':
../../../include/xil_assert.h:108:9: warning: 'return' with no value, in function returning non-void
         return;                                    \
         ^~~~~~
emu_dc.c:226:5: note: in expansion of macro 'Xil_AssertVoid'
     Xil_AssertVoid(InstancePtr != NULL);
     ^~~~~~~~~~~~~~
emu_dc.c:223:5: note: declared here
 int emu_dc_tlsum_read(emu_dc *InstancePtr) {
     ^~~~~~~~~~~~~~~~~
In file included from emu_dc.h:9,
                 from emu_dc.c:1:
emu_dc.c: In function 'emu_dc_ia_read':
../../../include/xil_assert.h:108:9: warning: 'return' with no value, in function returning non-void
         return;                                    \
         ^~~~~~
emu_dc.c:234:5: note: in expansion of macro 'Xil_AssertVoid'
     Xil_AssertVoid(InstancePtr != NULL);
     ^~~~~~~~~~~~~~
emu_dc.c:231:5: note: declared here
 int emu_dc_ia_read(emu_dc *InstancePtr) {
     ^~~~~~~~~~~~~~
In file included from emu_dc.h:9,
                 from emu_dc.c:1:
emu_dc.c: In function 'emu_dc_if_x0_read':
../../../include/xil_assert.h:108:9: warning: 'return' with no value, in function returning non-void
         return;                                    \
         ^~~~~~
emu_dc.c:242:5: note: in expansion of macro 'Xil_AssertVoid'
     Xil_AssertVoid(InstancePtr != NULL);
     ^~~~~~~~~~~~~~
emu_dc.c:239:5: note: declared here
 int emu_dc_if_x0_read(emu_dc *InstancePtr) {
     ^~~~~~~~~~~~~~~~~
In file included from emu_dc.h:9,
                 from emu_dc.c:1:
emu_dc.c: In function 'emu_dc_motor_id_read':
../../../include/xil_assert.h:108:9: warning: 'return' with no value, in function returning non-void
         return;                                    \
         ^~~~~~
emu_dc.c:250:5: note: in expansion of macro 'Xil_AssertVoid'
     Xil_AssertVoid(InstancePtr != NULL);
     ^~~~~~~~~~~~~~
emu_dc.c:247:5: note: declared here
 u32 emu_dc_motor_id_read(emu_dc *InstancePtr) {
     ^~~~~~~~~~~~~~~~~~~~
In file included from emu_dc.h:9,
                 from emu_dc.c:1:
emu_dc.c: In function 'emu_dc_speed_read':
../../../include/xil_assert.h:108:9: warning: 'return' with no value, in function returning non-void
         return;                                    \
         ^~~~~~
emu_dc.c:258:5: note: in expansion of macro 'Xil_AssertVoid'
     Xil_AssertVoid(InstancePtr != NULL);
     ^~~~~~~~~~~~~~
emu_dc.c:255:5: note: declared here
 int emu_dc_speed_read(emu_dc *InstancePtr) {
     ^~~~~~~~~~~~~~~~~
In file included from emu_dc.h:9,
                 from emu_dc.c:1:
emu_dc.c: In function 'emu_dc_te_read':
../../../include/xil_assert.h:108:9: warning: 'return' with no value, in function returning non-void
         return;                                    \
         ^~~~~~
emu_dc.c:266:5: note: in expansion of macro 'Xil_AssertVoid'
     Xil_AssertVoid(InstancePtr != NULL);
     ^~~~~~~~~~~~~~
emu_dc.c:263:5: note: declared here
 int emu_dc_te_read(emu_dc *InstancePtr) {
     ^~~~~~~~~~~~~~
In file included from emu_dc.h:9,
                 from emu_dc.c:1:
emu_dc.c: In function 'emu_dc_theta_el_read':
../../../include/xil_assert.h:108:9: warning: 'return' with no value, in function returning non-void
         return;                                    \
         ^~~~~~
emu_dc.c:274:5: note: in expansion of macro 'Xil_AssertVoid'
     Xil_AssertVoid(InstancePtr != NULL);
     ^~~~~~~~~~~~~~
emu_dc.c:271:5: note: declared here
 int emu_dc_theta_el_read(emu_dc *InstancePtr) {
     ^~~~~~~~~~~~~~~~~~~~
In file included from emu_dc.h:9,
                 from emu_dc.c:1:
emu_dc.c: In function 'emu_dc_theta_mech_read':
../../../include/xil_assert.h:108:9: warning: 'return' with no value, in function returning non-void
         return;                                    \
         ^~~~~~
emu_dc.c:282:5: note: in expansion of macro 'Xil_AssertVoid'
     Xil_AssertVoid(InstancePtr != NULL);
     ^~~~~~~~~~~~~~
emu_dc.c:279:5: note: declared here
 int emu_dc_theta_mech_read(emu_dc *InstancePtr) {
     ^~~~~~~~~~~~~~~~~~~~~~
"Running Make libs in ps7_cortexa9_1/libsrc/gpiops_v3_5/src"
make -C ps7_cortexa9_1/libsrc/gpiops_v3_5/src -s libs  "SHELL=CMD" "COMPILER=arm-none-eabi-gcc" "ARCHIVER=arm-none-eabi-ar" "COMPILER_FLAGS=  -O2 -c" "EXTRA_COMPILER_FLAGS=-mcpu=cortex-a9 -mfpu=vfpv3 -mfloat-abi=hard -nostartfiles -g -Wall -Wextra"
"Compiling gpiops"
"Running Make libs in ps7_cortexa9_1/libsrc/gpio_v4_4/src"
make -C ps7_cortexa9_1/libsrc/gpio_v4_4/src -s libs  "SHELL=CMD" "COMPILER=arm-none-eabi-gcc" "ARCHIVER=arm-none-eabi-ar" "COMPILER_FLAGS=  -O2 -c" "EXTRA_COMPILER_FLAGS=-mcpu=cortex-a9 -mfpu=vfpv3 -mfloat-abi=hard -nostartfiles -g -Wall -Wextra"
"Compiling gpio"
"Running Make libs in ps7_cortexa9_1/libsrc/pulse_width_modulator_v1_00_a/src"
make -C ps7_cortexa9_1/libsrc/pulse_width_modulator_v1_00_a/src -s libs  "SHELL=CMD" "COMPILER=arm-none-eabi-gcc" "ARCHIVER=arm-none-eabi-ar" "COMPILER_FLAGS=  -O2 -c" "EXTRA_COMPILER_FLAGS=-mcpu=cortex-a9 -mfpu=vfpv3 -mfloat-abi=hard -nostartfiles -g -Wall -Wextra"
"Running Make libs in ps7_cortexa9_1/libsrc/qspips_v3_6/src"
make -C ps7_cortexa9_1/libsrc/qspips_v3_6/src -s libs  "SHELL=CMD" "COMPILER=arm-none-eabi-gcc" "ARCHIVER=arm-none-eabi-ar" "COMPILER_FLAGS=  -O2 -c" "EXTRA_COMPILER_FLAGS=-mcpu=cortex-a9 -mfpu=vfpv3 -mfloat-abi=hard -nostartfiles -g -Wall -Wextra"
"Compiling qspips"
"Running Make libs in ps7_cortexa9_1/libsrc/register_array_v1_00_a/src"
make -C ps7_cortexa9_1/libsrc/register_array_v1_00_a/src -s libs  "SHELL=CMD" "COMPILER=arm-none-eabi-gcc" "ARCHIVER=arm-none-eabi-ar" "COMPILER_FLAGS=  -O2 -c" "EXTRA_COMPILER_FLAGS=-mcpu=cortex-a9 -mfpu=vfpv3 -mfloat-abi=hard -nostartfiles -g -Wall -Wextra"
"Running Make libs in ps7_cortexa9_1/libsrc/scugic_v4_0/src"
make -C ps7_cortexa9_1/libsrc/scugic_v4_0/src -s libs  "SHELL=CMD" "COMPILER=arm-none-eabi-gcc" "ARCHIVER=arm-none-eabi-ar" "COMPILER_FLAGS=  -O2 -c" "EXTRA_COMPILER_FLAGS=-mcpu=cortex-a9 -mfpu=vfpv3 -mfloat-abi=hard -nostartfiles -g -Wall -Wextra"
"Compiling scugic"
"Running Make libs in ps7_cortexa9_1/libsrc/scutimer_v2_1/src"
make -C ps7_cortexa9_1/libsrc/scutimer_v2_1/src -s libs  "SHELL=CMD" "COMPILER=arm-none-eabi-gcc" "ARCHIVER=arm-none-eabi-ar" "COMPILER_FLAGS=  -O2 -c" "EXTRA_COMPILER_FLAGS=-mcpu=cortex-a9 -mfpu=vfpv3 -mfloat-abi=hard -nostartfiles -g -Wall -Wextra"
"Compiling scutimer"
"Running Make libs in ps7_cortexa9_1/libsrc/scuwdt_v2_1/src"
make -C ps7_cortexa9_1/libsrc/scuwdt_v2_1/src -s libs  "SHELL=CMD" "COMPILER=arm-none-eabi-gcc" "ARCHIVER=arm-none-eabi-ar" "COMPILER_FLAGS=  -O2 -c" "EXTRA_COMPILER_FLAGS=-mcpu=cortex-a9 -mfpu=vfpv3 -mfloat-abi=hard -nostartfiles -g -Wall -Wextra"
"Compiling scuwdt"
"Running Make libs in ps7_cortexa9_1/libsrc/sdps_v3_7/src"
make -C ps7_cortexa9_1/libsrc/sdps_v3_7/src -s libs  "SHELL=CMD" "COMPILER=arm-none-eabi-gcc" "ARCHIVER=arm-none-eabi-ar" "COMPILER_FLAGS=  -O2 -c" "EXTRA_COMPILER_FLAGS=-mcpu=cortex-a9 -mfpu=vfpv3 -mfloat-abi=hard -nostartfiles -g -Wall -Wextra"
"Compiling sdps"
"Running Make libs in ps7_cortexa9_1/libsrc/standalone_v7_0/src"
make -C ps7_cortexa9_1/libsrc/standalone_v7_0/src -s libs  "SHELL=CMD" "COMPILER=arm-none-eabi-gcc" "ARCHIVER=arm-none-eabi-ar" "COMPILER_FLAGS=  -O2 -c" "EXTRA_COMPILER_FLAGS=-mcpu=cortex-a9 -mfpu=vfpv3 -mfloat-abi=hard -nostartfiles -g -Wall -Wextra"
"Compiling standalone"
In file included from usleep.c:56:
xtime_l.h:87:9: note: #pragma message: For the sleep routines, Global timer is being used
 #pragma message ("For the sleep routines, Global timer is being used")
         ^~~~~~~
In file included from xil_sleeptimer.c:51:
xtime_l.h:87:9: note: #pragma message: For the sleep routines, Global timer is being used
 #pragma message ("For the sleep routines, Global timer is being used")
         ^~~~~~~
In file included from xtime_l.c:49:
xtime_l.h:87:9: note: #pragma message: For the sleep routines, Global timer is being used
 #pragma message ("For the sleep routines, Global timer is being used")
         ^~~~~~~
In file included from sleep.c:53:
xtime_l.h:87:9: note: #pragma message: For the sleep routines, Global timer is being used
 #pragma message ("For the sleep routines, Global timer is being used")
         ^~~~~~~
"Running Make libs in ps7_cortexa9_1/libsrc/tmrctr_v4_5/src"
make -C ps7_cortexa9_1/libsrc/tmrctr_v4_5/src -s libs  "SHELL=CMD" "COMPILER=arm-none-eabi-gcc" "ARCHIVER=arm-none-eabi-ar" "COMPILER_FLAGS=  -O2 -c" "EXTRA_COMPILER_FLAGS=-mcpu=cortex-a9 -mfpu=vfpv3 -mfloat-abi=hard -nostartfiles -g -Wall -Wextra"
"Compiling tmrctr"
"Running Make libs in ps7_cortexa9_1/libsrc/uartps_v3_7/src"
make -C ps7_cortexa9_1/libsrc/uartps_v3_7/src -s libs  "SHELL=CMD" "COMPILER=arm-none-eabi-gcc" "ARCHIVER=arm-none-eabi-ar" "COMPILER_FLAGS=  -O2 -c" "EXTRA_COMPILER_FLAGS=-mcpu=cortex-a9 -mfpu=vfpv3 -mfloat-abi=hard -nostartfiles -g -Wall -Wextra"
"Compiling uartps"
"Running Make libs in ps7_cortexa9_1/libsrc/xadcps_v2_3/src"
make -C ps7_cortexa9_1/libsrc/xadcps_v2_3/src -s libs  "SHELL=CMD" "COMPILER=arm-none-eabi-gcc" "ARCHIVER=arm-none-eabi-ar" "COMPILER_FLAGS=  -O2 -c" "EXTRA_COMPILER_FLAGS=-mcpu=cortex-a9 -mfpu=vfpv3 -mfloat-abi=hard -nostartfiles -g -Wall -Wextra"
"Compiling xadcps"
'Finished building libraries'

10:53:01 Build Finished (took 30s.155ms)

