#-----------------------------------------------------------
# Webtalk v2019.1 (64-bit)
# SW Build 2552052 on Fri May 24 14:49:42 MDT 2019
# 
# Start of session at: Wed Jan  3 16:28:06 2024
# Process ID: 12636
# Current directory: C:/DMA_HSL/SDK/webtalk
# Command line: wbtcv.exe -mode batch -source sdk_webtalk.tcl
# Log file: C:/DMA_HSL/SDK/webtalk/webtalk.log
# Journal file: C:/DMA_HSL/SDK/webtalk\webtalk.jou
#-----------------------------------------------------------
source sdk_webtalk.tcl
# webtalk_init -webtalk_dir C:\\DMA_HSL\\SDK\\webtalk
# webtalk_register_client -client project
# webtalk_add_data -client project -key date_generated -value "2024-01-03 16:28:05" -context "software_version_and_target_device"
# webtalk_add_data -client project -key product_version -value "SDK v2019.1" -context "software_version_and_target_device"
# webtalk_add_data -client project -key build_version -value "2019.1" -context "software_version_and_target_device"
# webtalk_add_data -client project -key os_platform -value "amd64" -context "software_version_and_target_device"
# webtalk_add_data -client project -key registration_id -value "209875111_209874231_210634734_141" -context "software_version_and_target_device"
# webtalk_add_data -client project -key tool_flow -value "SDK" -context "software_version_and_target_device"
# webtalk_add_data -client project -key beta -value "false" -context "software_version_and_target_device"
# webtalk_add_data -client project -key route_design -value "NA" -context "software_version_and_target_device"
# webtalk_add_data -client project -key target_family -value "NA" -context "software_version_and_target_device"
# webtalk_add_data -client project -key target_device -value "NA" -context "software_version_and_target_device"
# webtalk_add_data -client project -key target_package -value "NA" -context "software_version_and_target_device"
# webtalk_add_data -client project -key target_speed -value "NA" -context "software_version_and_target_device"
# webtalk_add_data -client project -key random_id -value "10u695381h2tu10dmkq9cilo4c" -context "software_version_and_target_device"
# webtalk_add_data -client project -key project_id -value "2019.1_33" -context "software_version_and_target_device"
# webtalk_add_data -client project -key project_iteration -value "33" -context "software_version_and_target_device"
# webtalk_add_data -client project -key os_name -value "Microsoft Windows 8 or later , 64-bit" -context "user_environment"
# webtalk_add_data -client project -key os_release -value "major release  (build 9200)" -context "user_environment"
# webtalk_add_data -client project -key cpu_name -value "Intel(R) Core(TM) i5-10500 CPU @ 3.10GHz" -context "user_environment"
# webtalk_add_data -client project -key cpu_speed -value "3096 MHz" -context "user_environment"
# webtalk_add_data -client project -key total_processors -value "1" -context "user_environment"
# webtalk_add_data -client project -key system_ram -value "16.899 GB" -context "user_environment"
# webtalk_register_client -client sdk
# webtalk_add_data -client sdk -key uid -value "1704292970078" -context "sdk\\\\bsp/1704292970078"
# webtalk_add_data -client sdk -key hwid -value "1704291978115" -context "sdk\\\\bsp/1704292970078"
# webtalk_add_data -client sdk -key os -value "standalone" -context "sdk\\\\bsp/1704292970078"
# webtalk_add_data -client sdk -key apptemplate -value "null" -context "sdk\\\\bsp/1704292970078"
# webtalk_add_data -client sdk -key RecordType -value "BSPCreation" -context "sdk\\\\bsp/1704292970078"
# webtalk_add_data -client sdk -key uid -value "1704293125934" -context "sdk\\\\bsp/1704293125934"
# webtalk_add_data -client sdk -key hwid -value "1704291978115" -context "sdk\\\\bsp/1704293125934"
# webtalk_add_data -client sdk -key os -value "standalone" -context "sdk\\\\bsp/1704293125934"
# webtalk_add_data -client sdk -key apptemplate -value "null" -context "sdk\\\\bsp/1704293125934"
# webtalk_add_data -client sdk -key RecordType -value "BSPCreation" -context "sdk\\\\bsp/1704293125934"
# webtalk_add_data -client sdk -key uid -value "1704293468018" -context "sdk\\\\bsp/1704293468018"
# webtalk_add_data -client sdk -key hwid -value "1704291978115" -context "sdk\\\\bsp/1704293468018"
# webtalk_add_data -client sdk -key os -value "standalone" -context "sdk\\\\bsp/1704293468018"
# webtalk_add_data -client sdk -key apptemplate -value "null" -context "sdk\\\\bsp/1704293468018"
# webtalk_add_data -client sdk -key RecordType -value "BSPCreation" -context "sdk\\\\bsp/1704293468018"
# webtalk_add_data -client sdk -key uid -value "NA" -context "sdk\\\\bsp/1704295685884"
# webtalk_add_data -client sdk -key RecordType -value "ToolUsage" -context "sdk\\\\bsp/1704295685884"
# webtalk_add_data -client sdk -key BootgenCount -value "0" -context "sdk\\\\bsp/1704295685884"
# webtalk_add_data -client sdk -key DebugCount -value "2" -context "sdk\\\\bsp/1704295685884"
# webtalk_add_data -client sdk -key PerfCount -value "0" -context "sdk\\\\bsp/1704295685884"
# webtalk_add_data -client sdk -key FlashCount -value "0" -context "sdk\\\\bsp/1704295685884"
# webtalk_add_data -client sdk -key CrossTriggCount -value "0" -context "sdk\\\\bsp/1704295685884"
# webtalk_add_data -client sdk -key QemuDebugCount -value "0" -context "sdk\\\\bsp/1704295685884"
# webtalk_transmit -clientid 3648787568 -regid "209875111_209874231_210634734_141" -xml C:\\DMA_HSL\\SDK\\webtalk\\usage_statistics_ext_sdk.xml -html C:\\DMA_HSL\\SDK\\webtalk\\usage_statistics_ext_sdk.html -wdm C:\\DMA_HSL\\SDK\\webtalk\\sdk_webtalk.wdm -intro "<H3>SDK Usage Report</H3><BR>"
# webtalk_terminate
INFO: [Common 17-206] Exiting Webtalk at Wed Jan  3 16:28:07 2024...
